<?xml version="1.0" encoding="UTF-8"?>
<testng-results skipped="0" failed="0" ignored="0" total="2" passed="2">
  <reporter-output>
  </reporter-output>
  <suite name="Default suite" duration-ms="84" started-at="2019-06-29T16:24:35Z" finished-at="2019-06-29T16:24:35Z">
    <groups>
    </groups>
    <test name="Default test" duration-ms="84" started-at="2019-06-29T16:24:35Z" finished-at="2019-06-29T16:24:35Z">
      <class name="net.openwritings.testng.NonParallelMethods">
        <test-method status="PASS" signature="init()[pri:0, instance:net.openwritings.testng.NonParallelMethods@d2cc05a]" name="init" is-config="true" duration-ms="16" started-at="2019-06-29T16:24:35Z" finished-at="2019-06-29T16:24:35Z">
          <reporter-output>
          </reporter-output>
        </test-method> <!-- init -->
        <test-method status="PASS" signature="testMethod1()[pri:0, instance:net.openwritings.testng.NonParallelMethods@d2cc05a]" name="testMethod1" duration-ms="21" started-at="2019-06-29T16:24:35Z" description="testMethod1" finished-at="2019-06-29T16:24:35Z">
          <reporter-output>
          </reporter-output>
        </test-method> <!-- testMethod1 -->
        <test-method status="PASS" signature="testMethod2()[pri:0, instance:net.openwritings.testng.NonParallelMethods@d2cc05a]" name="testMethod2" duration-ms="3" started-at="2019-06-29T16:24:35Z" description="testMethod2" finished-at="2019-06-29T16:24:35Z">
          <reporter-output>
          </reporter-output>
        </test-method> <!-- testMethod2 -->
      </class> <!-- net.openwritings.testng.NonParallelMethods -->
    </test> <!-- Default test -->
  </suite> <!-- Default suite -->
</testng-results>
